<?xml version="1.0" encoding="UTF-8"?>
<!-- Generated by org.testng.reporters.JUnitXMLReporter -->
<testsuite ignored="0" hostname="DESKTOP-R71D8IR" failures="1" tests="7" name="ProductInfo Page Test" time="0.518" errors="0" timestamp="2025-06-06T11:54:53 EDT">
  <testcase classname="com.qa.opencart.tests.ProductInfoPageTest" name="ProductHeaderTest" time="0.0">
    <skipped/>
  </testcase> <!-- ProductHeaderTest -->
  <testcase classname="com.qa.opencart.tests.ProductInfoPageTest" name="ProductHeaderTest" time="0.0">
    <skipped/>
  </testcase> <!-- ProductHeaderTest -->
  <testcase classname="com.qa.opencart.tests.ProductInfoPageTest" name="ProductHeaderTest" time="0.0">
    <skipped/>
  </testcase> <!-- ProductHeaderTest -->
  <testcase classname="com.qa.opencart.tests.ProductInfoPageTest" name="ProductHeaderTest" time="0.0">
    <skipped/>
  </testcase> <!-- ProductHeaderTest -->
  <testcase classname="com.qa.opencart.tests.ProductInfoPageTest" name="ProductHeaderTest" time="0.0">
    <skipped/>
  </testcase> <!-- ProductHeaderTest -->
  <testcase classname="com.qa.opencart.tests.ProductInfoPageTest" name="ProductImageCountTest" time="0.0">
    <failure type="java.lang.RuntimeException" message="java.lang.NullPointerException: Cannot invoke &amp;quot;java.util.List.size()&amp;quot; because &amp;quot;com.qa.opencart.utils.CSVUtil.rows&amp;quot; is null">
      <![CDATA[java.lang.RuntimeException: java.lang.NullPointerException: Cannot invoke "java.util.List.size()" because "com.qa.opencart.utils.CSVUtil.rows" is null
at org.testng.internal.invokers.MethodInvocationHelper.invokeMethodNoCheckedException(MethodInvocationHelper.java:57)
at org.testng.internal.invokers.MethodInvocationHelper.invokeDataProvider(MethodInvocationHelper.java:157)
at org.testng.internal.Parameters.handleParameters(Parameters.java:803)
at org.testng.internal.Parameters.handleParameters(Parameters.java:728)
at org.testng.internal.invokers.ParameterHandler.handleParameters(ParameterHandler.java:72)
at org.testng.internal.invokers.ParameterHandler.createParameters(ParameterHandler.java:51)
at org.testng.internal.invokers.TestInvoker$MethodInvocationAgent.invoke(TestInvoker.java:924)
at org.testng.internal.invokers.TestInvoker.invokeTestMethods(TestInvoker.java:194)
at org.testng.internal.invokers.TestMethodWorker.invokeTestMethods(TestMethodWorker.java:148)
at org.testng.internal.invokers.TestMethodWorker.run(TestMethodWorker.java:128)
at java.base/java.util.ArrayList.forEach(ArrayList.java:1597)
at org.testng.TestRunner.privateRun(TestRunner.java:829)
at org.testng.TestRunner.run(TestRunner.java:602)
at org.testng.SuiteRunner.runTest(SuiteRunner.java:437)
at org.testng.SuiteRunner$SuiteWorker.run(SuiteRunner.java:475)
at org.testng.internal.thread.ThreadUtil.lambda$execute$0(ThreadUtil.java:58)
at java.base/java.util.concurrent.FutureTask.run(FutureTask.java:317)
at java.base/java.util.concurrent.ThreadPoolExecutor.runWorker(ThreadPoolExecutor.java:1144)
at java.base/java.util.concurrent.ThreadPoolExecutor$Worker.run(ThreadPoolExecutor.java:642)
at java.base/java.lang.Thread.run(Thread.java:1575)
Caused by: java.lang.NullPointerException: Cannot invoke "java.util.List.size()" because "com.qa.opencart.utils.CSVUtil.rows" is null
at com.qa.opencart.utils.CSVUtil.csvData(CSVUtil.java:34)
at com.qa.opencart.tests.ProductInfoPageTest.getproductCsvData(ProductInfoPageTest.java:52)
at java.base/jdk.internal.reflect.DirectMethodHandleAccessor.invoke(DirectMethodHandleAccessor.java:103)
at java.base/java.lang.reflect.Method.invoke(Method.java:580)
at org.testng.internal.invokers.MethodInvocationHelper.invokeMethod(MethodInvocationHelper.java:139)
at org.testng.internal.invokers.MethodInvocationHelper.invokeMethod(MethodInvocationHelper.java:84)
at org.testng.internal.invokers.MethodInvocationHelper.invokeMethodNoCheckedException(MethodInvocationHelper.java:53)
... 19 more
]]>
    </failure>
  </testcase> <!-- ProductImageCountTest -->
  <testcase classname="com.qa.opencart.tests.ProductInfoPageTest" name="ProductInfoTest" time="0.0">
    <skipped/>
  </testcase> <!-- ProductInfoTest -->
</testsuite> <!-- ProductInfo Page Test -->
